** This mail has been sent from an external source. Treat hyperlinks and attachments in this email with caution**

      at Object.<anonymous> (src/components/dashboard/dashboard.test.js:24:17)

    console.log
      Dashboard have a LeftPane

      at Object.<anonymous> (src/components/dashboard/dashboard.test.js:30:17)

    console.log
      Dashboard have a RightPane

      at Object.<anonymous> (src/components/dashboard/dashboard.test.js:35:17)

 PASS  src/components/product/ProductList.test.js
  ? Console

    console.log
      ShallowWrapper {}

      at Object.<anonymous> (src/components/product/ProductList.test.js:14:17)

 PASS  src/components/user/Signup.test.js
  ? Console

    console.log
      New user Register your Details

      at Object.<anonymous> (src/components/user/Signup.test.js:22:17)

    console.log
      Edit User Edit Your Details

      at Object.<anonymous> (src/components/user/Signup.test.js:31:17)

----------|---------|----------|---------|---------|-------------------
File      | % Stmts | % Branch | % Funcs | % Lines | Uncovered Line #s
----------|---------|----------|---------|---------|-------------------
All files |       0 |        0 |       0 |       0 |
----------|---------|----------|---------|---------|-------------------

Test Suites: 5 passed, 5 total
Tests:       10 passed, 10 total
Snapshots:   2 passed, 2 total
Time:        11.545 s
Ran all test suites.

Watch Usage: Press w to show more.
 PASS  src/App.test.js (5.48 s)
  ? Console

    console.log
      Rendered Successfully

      at Object.<anonymous> (src/App.test.js:15:13)

 PASS  src/components/product/ProductList.test.js
  ? Console

    console.log
      ShallowWrapper {}

      at Object.<anonymous> (src/components/product/ProductList.test.js:14:17)

 PASS  src/components/product/ProductDetails.test.js (6.516 s)
  ? Console

    console.log
      ShallowWrapper {}

      at src/components/product/ProductDetails.test.js:15:13

 PASS  src/components/dashboard/dashboard.test.js
  ? Console

    console.log
      Render Using Snapshot

      at Object.<anonymous> (src/components/dashboard/dashboard.test.js:24:17)

    console.log
      Dashboard have a LeftPane

      at Object.<anonymous> (src/components/dashboard/dashboard.test.js:30:17)

    console.log
      Dashboard have a RightPane

      at Object.<anonymous> (src/components/dashboard/dashboard.test.js:35:17)

 PASS  src/components/user/Signup.test.js
  ? Console

    console.log
      New user Register your Details

      at Object.<anonymous> (src/components/user/Signup.test.js:22:17)

    console.log
      Edit User Edit Your Details

      at Object.<anonymous> (src/components/user/Signup.test.js:31:17)

----------|---------|----------|---------|---------|-------------------
File      | % Stmts | % Branch | % Funcs | % Lines | Uncovered Line #s
----------|---------|----------|---------|---------|-------------------
All files |       0 |        0 |       0 |       0 |
----------|---------|----------|---------|---------|-------------------

Test Suites: 5 passed, 5 total
Tests:       10 passed, 10 total
Snapshots:   2 passed, 2 total
Time:        10.957 s
Ran all test suites.

Watch Usage: Press w to show more.
 PASS  src/components/product/ProductDetails.test.js (6.382 s)
  ? Console

    console.log
      ShallowWrapper {}

      at src/components/product/ProductDetails.test.js:15:13

 PASS  src/App.test.js (7.338 s)
  ? Console

    console.log
      Rendered Successfully

      at Object.<anonymous> (src/App.test.js:15:13)

 PASS  src/components/user/Signup.test.js
  ? Console

    console.log
      New user Register your Details

      at Object.<anonymous> (src/components/user/Signup.test.js:22:17)

    console.log
      Edit User Edit Your Details

      at Object.<anonymous> (src/components/user/Signup.test.js:31:17)

 PASS  src/components/product/ProductList.test.js
  ? Console

    console.log
      ShallowWrapper {}

      at Object.<anonymous> (src/components/product/ProductList.test.js:14:17)

 PASS  src/components/dashboard/dashboard.test.js
  ? Console

    console.log
      Render Using Snapshot

      at Object.<anonymous> (src/components/dashboard/dashboard.test.js:24:17)

    console.log
      Dashboard have a LeftPane

      at Object.<anonymous> (src/components/dashboard/dashboard.test.js:30:17)

    console.log
      Dashboard have a RightPane

      at Object.<anonymous> (src/components/dashboard/dashboard.test.js:35:17)

----------|---------|----------|---------|---------|-------------------
File      | % Stmts | % Branch | % Funcs | % Lines | Uncovered Line #s
----------|---------|----------|---------|---------|-------------------
All files |       0 |        0 |       0 |       0 |
----------|---------|----------|---------|---------|-------------------

Test Suites: 5 passed, 5 total
Tests:       10 passed, 10 total
Snapshots:   2 passed, 2 total
Time:        11.463 s
Ran all test suites.

Watch Usage: Press w to show more.
 PASS  src/components/product/ProductDetails.test.js
  ? Console

    console.log
      ShallowWrapper {}

      at src/components/product/ProductDetails.test.js:15:13

 PASS  src/App.test.js (5.343 s)
  ? Console

    console.log
      Rendered Successfully

      at Object.<anonymous> (src/App.test.js:15:13)

 PASS  src/components/user/Signup.test.js
  ? Console

    console.log
      New user Register your Details

      at Object.<anonymous> (src/components/user/Signup.test.js:22:17)

    console.log
      Edit User Edit Your Details

      at Object.<anonymous> (src/components/user/Signup.test.js:31:17)

 PASS  src/components/dashboard/dashboard.test.js
  ? Console

    console.log
      Render Using Snapshot

      at Object.<anonymous> (src/components/dashboard/dashboard.test.js:24:17)

    console.log
      Dashboard have a LeftPane

      at Object.<anonymous> (src/components/dashboard/dashboard.test.js:30:17)

    console.log
      Dashboard have a RightPane

      at Object.<anonymous> (src/components/dashboard/dashboard.test.js:35:17)

 PASS  src/components/product/ProductList.test.js
  ? Console

    console.log
      ShallowWrapper {}

      at Object.<anonymous> (src/components/product/ProductList.test.js:14:17)

----------|---------|----------|---------|---------|-------------------
File      | % Stmts | % Branch | % Funcs | % Lines | Uncovered Line #s
----------|---------|----------|---------|---------|-------------------
All files |       0 |        0 |       0 |       0 |
----------|---------|----------|---------|---------|-------------------

Test Suites: 5 passed, 5 total
Tests:       10 passed, 10 total
Snapshots:   2 passed, 2 total
Time:        9.782 s
Ran all test suites.

Watch Usage: Press w to show more.
 PASS  src/components/product/ProductDetails.test.js (6.405 s)
  ? Console

    console.log
      ShallowWrapper {}

      at src/components/product/ProductDetails.test.js:15:13

 PASS  src/App.test.js (7.601 s)
  ? Console

    console.log
      Rendered Successfully

      at Object.<anonymous> (src/App.test.js:15:13)

 PASS  src/components/user/Signup.test.js
  ? Console

    console.log
      New user Register your Details

      at Object.<anonymous> (src/components/user/Signup.test.js:22:17)

    console.log
      Edit User Edit Your Details

      at Object.<anonymous> (src/components/user/Signup.test.js:31:17)

 PASS  src/components/dashboard/dashboard.test.js
  ? Console

    console.log
      Render Using Snapshot

      at Object.<anonymous> (src/components/dashboard/dashboard.test.js:24:17)

    console.log
      Dashboard have a LeftPane

      at Object.<anonymous> (src/components/dashboard/dashboard.test.js:30:17)

    console.log
      Dashboard have a RightPane

      at Object.<anonymous> (src/components/dashboard/dashboard.test.js:35:17)

 PASS  src/components/product/ProductList.test.js
  ? Console

    console.log
      ShallowWrapper {}

      at Object.<anonymous> (src/components/product/ProductList.test.js:14:17)

----------|---------|----------|---------|---------|-------------------
File      | % Stmts | % Branch | % Funcs | % Lines | Uncovered Line #s
----------|---------|----------|---------|---------|-------------------
All files |       0 |        0 |       0 |       0 |
----------|---------|----------|---------|---------|-------------------

Test Suites: 5 passed, 5 total
Tests:       10 passed, 10 total
Snapshots:   2 passed, 2 total
Time:        13.168 s
Ran all test suites.

Watch Usage: Press w to show more.
 PASS  src/App.test.js (6.342 s)
  ? Console

    console.log
      Rendered Successfully

      at Object.<anonymous> (src/App.test.js:15:13)

 PASS  src/components/product/ProductDetails.test.js (6.903 s)
  ? Console

    console.log
      ShallowWrapper {}

      at src/components/product/ProductDetails.test.js:15:13

 PASS  src/components/user/Signup.test.js
  ? Console

    console.log
      New user Register your Details

      at Object.<anonymous> (src/components/user/Signup.test.js:22:17)

    console.log
      Edit User Edit Your Details

      at Object.<anonymous> (src/components/user/Signup.test.js:31:17)

 PASS  src/components/dashboard/dashboard.test.js
  ? Console

    console.log
      Render Using Snapshot

      at Object.<anonymous> (src/components/dashboard/dashboard.test.js:24:17)

    console.log
      Dashboard have a LeftPane

      at Object.<anonymous> (src/components/dashboard/dashboard.test.js:30:17)

    console.log
      Dashboard have a RightPane

      at Object.<anonymous> (src/components/dashboard/dashboard.test.js:35:17)

 PASS  src/components/product/ProductList.test.js
  ? Console

    console.log
      ShallowWrapper {}

      at Object.<anonymous> (src/components/product/ProductList.test.js:14:17)

----------|---------|----------|---------|---------|-------------------
File      | % Stmts | % Branch | % Funcs | % Lines | Uncovered Line #s
----------|---------|----------|---------|---------|-------------------
All files |       0 |        0 |       0 |       0 |
----------|---------|----------|---------|---------|-------------------

Test Suites: 5 passed, 5 total
Tests:       10 passed, 10 total
Snapshots:   2 passed, 2 total
Time:        11.885 s
Ran all test suites.

Watch Usage: Press w to show more.
 PASS  src/components/product/ProductDetails.test.js (5.376 s)
  ? Console

    console.log
      ShallowWrapper {}

      at src/components/product/ProductDetails.test.js:15:13

 PASS  src/App.test.js (6.303 s)
  ? Console

    console.log
      Rendered Successfully

      at Object.<anonymous> (src/App.test.js:15:13)

 PASS  src/components/dashboard/dashboard.test.js
  ? Console

    console.log
      Render Using Snapshot

      at Object.<anonymous> (src/components/dashboard/dashboard.test.js:24:17)

    console.log
      Dashboard have a LeftPane

      at Object.<anonymous> (src/components/dashboard/dashboard.test.js:30:17)

    console.log
      Dashboard have a RightPane

      at Object.<anonymous> (src/components/dashboard/dashboard.test.js:35:17)

 PASS  src/components/user/Signup.test.js
  ? Console

    console.log
      New user Register your Details

      at Object.<anonymous> (src/components/user/Signup.test.js:22:17)

    console.log
      Edit User Edit Your Details

      at Object.<anonymous> (src/components/user/Signup.test.js:31:17)

 PASS  src/components/product/ProductList.test.js
  ? Console

    console.log
      ShallowWrapper {}

      at Object.<anonymous> (src/components/product/ProductList.test.js:14:17)

----------|---------|----------|---------|---------|-------------------
File      | % Stmts | % Branch | % Funcs | % Lines | Uncovered Line #s
----------|---------|----------|---------|---------|-------------------
All files |       0 |        0 |       0 |       0 |
----------|---------|----------|---------|---------|-------------------

Test Suites: 5 passed, 5 total
Tests:       10 passed, 10 total
Snapshots:   2 passed, 2 total
Time:        11.38 s
Ran all test suites.

Watch Usage: Press w to show more.
 PASS  src/components/product/ProductDetails.test.js
  ? Console

    console.log
      ShallowWrapper {}

      at src/components/product/ProductDetails.test.js:15:13

 PASS  src/App.test.js (5.174 s)
  ? Console

    console.log
      Rendered Successfully

      at Object.<anonymous> (src/App.test.js:15:13)

 PASS  src/components/dashboard/dashboard.test.js
  ? Console

    console.log
      Render Using Snapshot

      at Object.<anonymous> (src/components/dashboard/dashboard.test.js:24:17)

    console.log
      Dashboard have a LeftPane

      at Object.<anonymous> (src/components/dashboard/dashboard.test.js:30:17)

    console.log
      Dashboard have a RightPane

      at Object.<anonymous> (src/components/dashboard/dashboard.test.js:35:17)

 PASS  src/components/user/Signup.test.js
  ? Console

    console.log
      New user Register your Details

      at Object.<anonymous> (src/components/user/Signup.test.js:22:17)

    console.log
      Edit User Edit Your Details

      at Object.<anonymous> (src/components/user/Signup.test.js:31:17)

 PASS  src/components/product/ProductList.test.js
  ? Console

    console.log
      ShallowWrapper {}

      at Object.<anonymous> (src/components/product/ProductList.test.js:14:17)

----------|---------|----------|---------|---------|-------------------
File      | % Stmts | % Branch | % Funcs | % Lines | Uncovered Line #s
----------|---------|----------|---------|---------|-------------------
All files |       0 |        0 |       0 |       0 |
----------|---------|----------|---------|---------|-------------------

Test Suites: 5 passed, 5 total
Tests:       10 passed, 10 total
Snapshots:   2 passed, 2 total
Time:        8.913 s
Ran all test suites.

Watch Usage: Press w to show more.
 PASS  src/App.test.js (5.363 s)
  ? Console

    console.log
      Rendered Successfully

      at Object.<anonymous> (src/App.test.js:15:13)

 PASS  src/components/product/ProductDetails.test.js (6.06 s)
  ? Console

    console.log
      ShallowWrapper {}

      at src/components/product/ProductDetails.test.js:15:13

 PASS  src/components/dashboard/dashboard.test.js
  ? Console

    console.log
      Render Using Snapshot

      at Object.<anonymous> (src/components/dashboard/dashboard.test.js:24:17)

    console.log
      Dashboard have a LeftPane

      at Object.<anonymous> (src/components/dashboard/dashboard.test.js:30:17)

    console.log
      Dashboard have a RightPane

      at Object.<anonymous> (src/components/dashboard/dashboard.test.js:35:17)

 PASS  src/components/user/Signup.test.js
  ? Console

    console.log
      New user Register your Details

      at Object.<anonymous> (src/components/user/Signup.test.js:22:17)

    console.log
      Edit User Edit Your Details

      at Object.<anonymous> (src/components/user/Signup.test.js:31:17)

 PASS  src/components/product/ProductList.test.js
  ? Console

    console.log
      ShallowWrapper {}

      at Object.<anonymous> (src/components/product/ProductList.test.js:14:17)

----------|---------|----------|---------|---------|-------------------
File      | % Stmts | % Branch | % Funcs | % Lines | Uncovered Line #s
----------|---------|----------|---------|---------|-------------------
All files |       0 |        0 |       0 |       0 |
----------|---------|----------|---------|---------|-------------------

Test Suites: 5 passed, 5 total
Tests:       10 passed, 10 total
Snapshots:   2 passed, 2 total
Time:        10.514 s
Ran all test suites.

Watch Usage: Press w to show more.
 PASS  src/App.test.js (5.611 s)
  ? Console

    console.log
      Rendered Successfully

      at Object.<anonymous> (src/App.test.js:15:13)

 PASS  src/components/product/ProductDetails.test.js (6.202 s)
  ? Console

    console.log
      ShallowWrapper {}

      at src/components/product/ProductDetails.test.js:14:13

 PASS  src/components/user/Signup.test.js
  ? Console

    console.log
      New user Register your Details

      at Object.<anonymous> (src/components/user/Signup.test.js:22:17)

    console.log
      Edit User Edit Your Details

      at Object.<anonymous> (src/components/user/Signup.test.js:31:17)

 PASS  src/components/dashboard/dashboard.test.js
  ? Console

    console.log
      Render Using Snapshot

      at Object.<anonymous> (src/components/dashboard/dashboard.test.js:24:17)

    console.log
      Dashboard have a LeftPane

      at Object.<anonymous> (src/components/dashboard/dashboard.test.js:30:17)

    console.log
      Dashboard have a RightPane

      at Object.<anonymous> (src/components/dashboard/dashboard.test.js:35:17)

 PASS  src/components/product/ProductList.test.js
  ? Console

    console.log
      ShallowWrapper {}

      at Object.<anonymous> (src/components/product/ProductList.test.js:14:17)

----------|---------|----------|---------|---------|-------------------
File      | % Stmts | % Branch | % Funcs | % Lines | Uncovered Line #s
----------|---------|----------|---------|---------|-------------------
All files |       0 |        0 |       0 |       0 |
----------|---------|----------|---------|---------|-------------------

Test Suites: 5 passed, 5 total
Tests:       10 passed, 10 total
Snapshots:   2 passed, 2 total
Time:        11.199 s
Ran all test suites.

Watch Usage: Press w to show more.
 PASS  src/App.test.js (7.686 s)
  ? Console

    console.log
      Rendered Successfully

      at Object.<anonymous> (src/App.test.js:15:13)

 PASS  src/components/product/ProductDetails.test.js (8.295 s)
  ? Console

    console.debug
      ShallowWrapper {}

      at src/components/product/ProductDetails.test.js:14:13

 PASS  src/components/dashboard/dashboard.test.js
  ? Console

    console.log
      Render Using Snapshot

      at Object.<anonymous> (src/components/dashboard/dashboard.test.js:24:17)

    console.log
      Dashboard have a LeftPane

      at Object.<anonymous> (src/components/dashboard/dashboard.test.js:30:17)

    console.log
      Dashboard have a RightPane

      at Object.<anonymous> (src/components/dashboard/dashboard.test.js:35:17)

 PASS  src/components/user/Signup.test.js
  ? Console

    console.log
      New user Register your Details

      at Object.<anonymous> (src/components/user/Signup.test.js:22:17)

    console.log
      Edit User Edit Your Details

      at Object.<anonymous> (src/components/user/Signup.test.js:31:17)

 PASS  src/components/product/ProductList.test.js
  ? Console

    console.log
      ShallowWrapper {}

      at Object.<anonymous> (src/components/product/ProductList.test.js:14:17)

----------|---------|----------|---------|---------|-------------------
File      | % Stmts | % Branch | % Funcs | % Lines | Uncovered Line #s
----------|---------|----------|---------|---------|-------------------
All files |       0 |        0 |       0 |       0 |
----------|---------|----------|---------|---------|-------------------

Test Suites: 5 passed, 5 total
Tests:       10 passed, 10 total
Snapshots:   2 passed, 2 total
Time:        14.304 s
Ran all test suites.

Watch Usage: Press w to show more.
 PASS  src/App.test.js (5.974 s)
  ? Console

    console.log
      Rendered Successfully

      at Object.<anonymous> (src/App.test.js:15:13)

 PASS  src/components/product/ProductDetails.test.js (6.648 s)
  ? Console

    console.log
      <ContextProvider value={{...}}>
        <Connect(ProductDetails) product={{...}} />
      </ContextProvider>

      at src/components/product/ProductDetails.test.js:14:13

 PASS  src/components/user/Signup.test.js
  ? Console

    console.log
      New user Register your Details

      at Object.<anonymous> (src/components/user/Signup.test.js:22:17)

    console.log
      Edit User Edit Your Details

      at Object.<anonymous> (src/components/user/Signup.test.js:31:17)

 PASS  src/components/dashboard/dashboard.test.js
  ? Console

    console.log
      Render Using Snapshot

      at Object.<anonymous> (src/components/dashboard/dashboard.test.js:24:17)

    console.log
      Dashboard have a LeftPane

      at Object.<anonymous> (src/components/dashboard/dashboard.test.js:30:17)

    console.log
      Dashboard have a RightPane

      at Object.<anonymous> (src/components/dashboard/dashboard.test.js:35:17)

 PASS  src/components/product/ProductList.test.js
  ? Console

    console.log
      ShallowWrapper {}

      at Object.<anonymous> (src/components/product/ProductList.test.js:14:17)

----------|---------|----------|---------|---------|-------------------
File      | % Stmts | % Branch | % Funcs | % Lines | Uncovered Line #s
----------|---------|----------|---------|---------|-------------------
All files |       0 |        0 |       0 |       0 |
----------|---------|----------|---------|---------|-------------------

Test Suites: 5 passed, 5 total
Tests:       10 passed, 10 total
Snapshots:   2 passed, 2 total
Time:        10.844 s
Ran all test suites.

Watch Usage: Press w to show more.
 PASS  src/App.test.js (5.718 s)
  ? Console

    console.log
      Rendered Successfully

      at Object.<anonymous> (src/App.test.js:15:13)

 FAIL  src/components/product/ProductDetails.test.js
  ? Test suite failed to run

    TypeError: Cannot read property 'productsincart' of undefined

      131 | const mapStateToProps = (state) => {
      132 |     return {
    > 133 |         productsIncart: state.product.productsincart.length ? true : false
          |                                       ^
      134 |     }
      135 | }
      136 |

      at Function.mapStateToProps [as mapToProps] (src/components/product/ProductDetails.jsx:133:39)
      at mapToPropsProxy (node_modules/react-redux/lib/connect/wrapMapToProps.js:53:92)
      at Function.detectFactoryAndVerify (node_modules/react-redux/lib/connect/wrapMapToProps.js:62:19)
      at mapToPropsProxy (node_modules/react-redux/lib/connect/wrapMapToProps.js:53:46)
      at handleFirstCall (node_modules/react-redux/lib/connect/selectorFactory.js:34:18)
      at pureFinalPropsSelector (node_modules/react-redux/lib/connect/selectorFactory.js:75:81)
      at node_modules/react-redux/lib/components/connectAdvanced.js:333:16
      at Object.useMemo (node_modules/react-dom/cjs/react-dom-server.node.development.js:1582:19)
      at useMemo (node_modules/react/cjs/react.development.js:1532:21)
      at Connect(ProductDetails) (node_modules/react-redux/lib/components/connectAdvanced.js:318:30)
      at processChild (node_modules/react-dom/cjs/react-dom-server.node.development.js:3353:14)
      at resolve (node_modules/react-dom/cjs/react-dom-server.node.development.js:3270:5)
      at ReactDOMServerRenderer.render (node_modules/react-dom/cjs/react-dom-server.node.development.js:3753:22)
      at ReactDOMServerRenderer.read (node_modules/react-dom/cjs/react-dom-server.node.development.js:3690:29)
      at Object.renderToStaticMarkup (node_modules/react-dom/cjs/react-dom-server.node.development.js:4314:27)
      at Object.render (node_modules/enzyme-adapter-react-16/src/ReactSixteenAdapter.js:810:31)
      at ShallowWrapper.call (node_modules/enzyme/src/ShallowWrapper.js:1108:23)
      at ShallowWrapper.single (node_modules/enzyme/src/ShallowWrapper.js:1654:21)
      at ShallowWrapper.html (node_modules/enzyme/src/ShallowWrapper.js:1104:17)
      at src/components/product/ProductDetails.test.js:14:25
      at Object.<anonymous> (src/components/product/ProductDetails.test.js:7:1)

 PASS  src/components/dashboard/dashboard.test.js
  ? Console

    console.log
      Render Using Snapshot

      at Object.<anonymous> (src/components/dashboard/dashboard.test.js:24:17)

    console.log
      Dashboard have a LeftPane

      at Object.<anonymous> (src/components/dashboard/dashboard.test.js:30:17)

    console.log
      Dashboard have a RightPane

      at Object.<anonymous> (src/components/dashboard/dashboard.test.js:35:17)

 PASS  src/components/user/Signup.test.js
  ? Console

    console.log
      New user Register your Details

      at Object.<anonymous> (src/components/user/Signup.test.js:22:17)

    console.log
      Edit User Edit Your Details

      at Object.<anonymous> (src/components/user/Signup.test.js:31:17)

 PASS  src/components/product/ProductList.test.js
  ? Console

    console.log
      ShallowWrapper {}

      at Object.<anonymous> (src/components/product/ProductList.test.js:14:17)

----------|---------|----------|---------|---------|-------------------
File      | % Stmts | % Branch | % Funcs | % Lines | Uncovered Line #s
----------|---------|----------|---------|---------|-------------------
All files |       0 |        0 |       0 |       0 |
----------|---------|----------|---------|---------|-------------------

Test Suites: 1 failed, 4 passed, 5 total
Tests:       9 passed, 9 total
Snapshots:   2 passed, 2 total
Time:        10.865 s
Ran all test suites.

Watch Usage: Press w to show more.
 PASS  src/components/user/Signup.test.js (5.071 s)
  ? Console

    console.log
      New user Register your Details

      at Object.<anonymous> (src/components/user/Signup.test.js:22:17)

    console.log
      Edit User Edit Your Details

      at Object.<anonymous> (src/components/user/Signup.test.js:31:17)

 PASS  src/App.test.js (5.946 s)
  ? Console

    console.log
      Rendered Successfully

      at Object.<anonymous> (src/App.test.js:15:13)

 PASS  src/components/product/ProductList.test.js
  ? Console

    console.log
      ShallowWrapper {}

      at Object.<anonymous> (src/components/product/ProductList.test.js:14:17)

 PASS  src/components/dashboard/dashboard.test.js
  ? Console

    console.log
      Render Using Snapshot

      at Object.<anonymous> (src/components/dashboard/dashboard.test.js:24:17)

    console.log
      Dashboard have a LeftPane

      at Object.<anonymous> (src/components/dashboard/dashboard.test.js:30:17)

    console.log
      Dashboard have a RightPane

      at Object.<anonymous> (src/components/dashboard/dashboard.test.js:35:17)

 FAIL  src/components/product/ProductDetails.test.js
  ? Test suite failed to run

    TypeError: Cannot read property 'productsincart' of undefined

      131 | const mapStateToProps = (state) => {
      132 |     return {
    > 133 |         productsIncart: state.product.productsincart.length ? true : false
          |                                       ^
      134 |     }
      135 | }
      136 |

      at Function.mapStateToProps [as mapToProps] (src/components/product/ProductDetails.jsx:133:39)
      at mapToPropsProxy (node_modules/react-redux/lib/connect/wrapMapToProps.js:53:92)
      at Function.detectFactoryAndVerify (node_modules/react-redux/lib/connect/wrapMapToProps.js:62:19)
      at mapToPropsProxy (node_modules/react-redux/lib/connect/wrapMapToProps.js:53:46)
      at handleFirstCall (node_modules/react-redux/lib/connect/selectorFactory.js:34:18)
      at pureFinalPropsSelector (node_modules/react-redux/lib/connect/selectorFactory.js:75:81)
      at node_modules/react-redux/lib/components/connectAdvanced.js:333:16
      at Object.useMemo (node_modules/react-dom/cjs/react-dom-server.node.development.js:1582:19)
      at useMemo (node_modules/react/cjs/react.development.js:1532:21)
      at Connect(ProductDetails) (node_modules/react-redux/lib/components/connectAdvanced.js:318:30)
      at processChild (node_modules/react-dom/cjs/react-dom-server.node.development.js:3353:14)
      at resolve (node_modules/react-dom/cjs/react-dom-server.node.development.js:3270:5)
      at ReactDOMServerRenderer.render (node_modules/react-dom/cjs/react-dom-server.node.development.js:3753:22)
      at ReactDOMServerRenderer.read (node_modules/react-dom/cjs/react-dom-server.node.development.js:3690:29)
      at Object.renderToStaticMarkup (node_modules/react-dom/cjs/react-dom-server.node.development.js:4314:27)
      at Object.render (node_modules/enzyme-adapter-react-16/src/ReactSixteenAdapter.js:810:31)
      at ShallowWrapper.call (node_modules/enzyme/src/ShallowWrapper.js:1108:23)
      at ShallowWrapper.single (node_modules/enzyme/src/ShallowWrapper.js:1654:21)
      at ShallowWrapper.html (node_modules/enzyme/src/ShallowWrapper.js:1104:17)
      at src/components/product/ProductDetails.test.js:14:25
      at Object.<anonymous> (src/components/product/ProductDetails.test.js:7:1)

----------|---------|----------|---------|---------|-------------------
File      | % Stmts | % Branch | % Funcs | % Lines | Uncovered Line #s
----------|---------|----------|---------|---------|-------------------
All files |       0 |        0 |       0 |       0 |
----------|---------|----------|---------|---------|-------------------
Test Suites: 1 failed, 4 passed, 5 total
Tests:       9 passed, 9 total
Snapshots:   2 passed, 2 total
Time:        9.925 s
Ran all test suites.

Watch Usage: Press w to show more.
 PASS  src/components/user/Signup.test.js
  ? Console

    console.log
      New user Register your Details

      at Object.<anonymous> (src/components/user/Signup.test.js:22:17)

    console.log
      Edit User Edit Your Details

      at Object.<anonymous> (src/components/user/Signup.test.js:31:17)

 PASS  src/App.test.js (5.735 s)
  ? Console

    console.log
      Rendered Successfully

      at Object.<anonymous> (src/App.test.js:15:13)

 PASS  src/components/product/ProductList.test.js
  ? Console

    console.log
      ShallowWrapper {}

      at Object.<anonymous> (src/components/product/ProductList.test.js:14:17)

 PASS  src/components/dashboard/dashboard.test.js
  ? Console

    console.log
      Render Using Snapshot

      at Object.<anonymous> (src/components/dashboard/dashboard.test.js:24:17)

    console.log
      Dashboard have a LeftPane

      at Object.<anonymous> (src/components/dashboard/dashboard.test.js:30:17)

    console.log
      Dashboard have a RightPane

      at Object.<anonymous> (src/components/dashboard/dashboard.test.js:35:17)

 PASS  src/components/product/ProductDetails.test.js
----------|---------|----------|---------|---------|-------------------
File      | % Stmts | % Branch | % Funcs | % Lines | Uncovered Line #s
----------|---------|----------|---------|---------|-------------------
All files |       0 |        0 |       0 |       0 |
----------|---------|----------|---------|---------|-------------------

Test Suites: 5 passed, 5 total
Tests:       10 passed, 10 total
Snapshots:   2 passed, 2 total
Time:        11.731 s
Ran all test suites.

Watch Usage: Press w to show more.
 PASS  src/components/user/Signup.test.js (6.036 s)
  ? Console

    console.log
      New user Register your Details

      at Object.<anonymous> (src/components/user/Signup.test.js:22:17)

    console.log
      Edit User Edit Your Details

      at Object.<anonymous> (src/components/user/Signup.test.js:31:17)

 PASS  src/App.test.js (7.364 s)
  ? Console

    console.log
      Rendered Successfully

      at Object.<anonymous> (src/App.test.js:15:13)

 PASS  src/components/product/ProductList.test.js
  ? Console

    console.log
      ShallowWrapper {}

      at Object.<anonymous> (src/components/product/ProductList.test.js:14:17)

 PASS  src/components/product/ProductDetails.test.js
 PASS  src/components/dashboard/dashboard.test.js
  ? Console

    console.log
      Render Using Snapshot

      at Object.<anonymous> (src/components/dashboard/dashboard.test.js:24:17)

    console.log
      Dashboard have a LeftPane

      at Object.<anonymous> (src/components/dashboard/dashboard.test.js:30:17)

    console.log
      Dashboard have a RightPane

      at Object.<anonymous> (src/components/dashboard/dashboard.test.js:35:17)

----------|---------|----------|---------|---------|-------------------
File      | % Stmts | % Branch | % Funcs | % Lines | Uncovered Line #s
----------|---------|----------|---------|---------|-------------------
All files |       0 |        0 |       0 |       0 |
----------|---------|----------|---------|---------|-------------------

Test Suites: 5 passed, 5 total
Tests:       10 passed, 10 total
Snapshots:   2 passed, 2 total
Time:        14.028 s
Ran all test suites.

Watch Usage: Press w to show more.
 PASS  src/components/user/Signup.test.js (6.016 s)
  ? Console

    console.log
      New user Register your Details

      at Object.<anonymous> (src/components/user/Signup.test.js:22:17)

    console.log
      Edit User Edit Your Details

      at Object.<anonymous> (src/components/user/Signup.test.js:31:17)

 PASS  src/App.test.js (6.994 s)
  ? Console

    console.log
      Rendered Successfully

      at Object.<anonymous> (src/App.test.js:15:13)

 PASS  src/components/product/ProductList.test.js
  ? Console

    console.log
      ShallowWrapper {}

      at Object.<anonymous> (src/components/product/ProductList.test.js:14:17)

 PASS  src/components/product/ProductDetails.test.js
  ? Console

    console.log
      <ContextProvider value={{...}}>
        <Connect(ProductDetails) product={{...}} />
      </ContextProvider>

      at src/components/product/ProductDetails.test.js:14:13

 PASS  src/components/dashboard/dashboard.test.js
  ? Console

    console.log
      Render Using Snapshot

      at Object.<anonymous> (src/components/dashboard/dashboard.test.js:24:17)

    console.log
      Dashboard have a LeftPane

      at Object.<anonymous> (src/components/dashboard/dashboard.test.js:30:17)

    console.log
      Dashboard have a RightPane

      at Object.<anonymous> (src/components/dashboard/dashboard.test.js:35:17)

----------|---------|----------|---------|---------|-------------------
File      | % Stmts | % Branch | % Funcs | % Lines | Uncovered Line #s
----------|---------|----------|---------|---------|-------------------
All files |       0 |        0 |       0 |       0 |
----------|---------|----------|---------|---------|-------------------

Test Suites: 5 passed, 5 total
Tests:       10 passed, 10 total
Snapshots:   2 passed, 2 total
Time:        12.884 s
Ran all test suites.

Watch Usage: Press w to show more.
 PASS  src/components/user/Signup.test.js
  ? Console

    console.log
      New user Register your Details

      at Object.<anonymous> (src/components/user/Signup.test.js:22:17)

    console.log
      Edit User Edit Your Details

      at Object.<anonymous> (src/components/user/Signup.test.js:31:17)

 PASS  src/App.test.js (5.497 s)
  ? Console

    console.log
      Rendered Successfully

      at Object.<anonymous> (src/App.test.js:15:13)

 PASS  src/components/product/ProductList.test.js
  ? Console

    console.log
      ShallowWrapper {}

      at Object.<anonymous> (src/components/product/ProductList.test.js:14:17)

 PASS  src/components/product/ProductDetails.test.js
  ? Console

    console.error
      Warning: React.jsx: type is invalid -- expected a string (for built-in components) or a class/function (for composite components) but got: undefined. You likely forgot to export your component from the file it's defined in, or you might have mixed up default and named imports.

      Check your code at ProductDetails.test.js:13.

      11 |         product: {productsIncart : 1}
      12 |     }
    > 13 |     const wrapper = shallow(<Provider store={store}><ProductDetails {...props} /></Provider>)
         |                                                     ^
      14 |     console.log(wrapper.debug())
      15 |     test('Have title as h2',()=> {
      16 |         expect(wrapper.find('h2')).toBeDefined()

      at printWarning (node_modules/react/cjs/react-jsx-dev-runtime.development.js:117:30)
      at error (node_modules/react/cjs/react-jsx-dev-runtime.development.js:93:5)
      at jsxWithValidation (node_modules/react/cjs/react-jsx-dev-runtime.development.js:1152:7)
      at src/components/product/ProductDetails.test.js:13:53
      at Object.<anonymous> (src/components/product/ProductDetails.test.js:7:1)

    console.log
      <ContextProvider value={{...}}>
        <Component product={{...}} />
      </ContextProvider>

      at src/components/product/ProductDetails.test.js:14:13

 PASS  src/components/dashboard/dashboard.test.js
  ? Console

    console.log
      Render Using Snapshot

      at Object.<anonymous> (src/components/dashboard/dashboard.test.js:24:17)

    console.log
      Dashboard have a LeftPane

      at Object.<anonymous> (src/components/dashboard/dashboard.test.js:30:17)

    console.log
      Dashboard have a RightPane

      at Object.<anonymous> (src/components/dashboard/dashboard.test.js:35:17)

----------|---------|----------|---------|---------|-------------------
File      | % Stmts | % Branch | % Funcs | % Lines | Uncovered Line #s
----------|---------|----------|---------|---------|-------------------
All files |       0 |        0 |       0 |       0 |
----------|---------|----------|---------|---------|-------------------

Test Suites: 5 passed, 5 total
Tests:       10 passed, 10 total
Snapshots:   2 passed, 2 total
Time:        11.128 s
Ran all test suites.

Watch Usage: Press w to show more.
 PASS  src/components/user/Signup.test.js (5.59 s)
  ? Console

    console.log
      New user Register your Details

      at Object.<anonymous> (src/components/user/Signup.test.js:22:17)

    console.log
      Edit User Edit Your Details

      at Object.<anonymous> (src/components/user/Signup.test.js:31:17)

 PASS  src/App.test.js (6.403 s)
  ? Console

    console.log
      Rendered Successfully

      at Object.<anonymous> (src/App.test.js:15:13)

 PASS  src/components/product/ProductList.test.js
  ? Console

    console.log
      ShallowWrapper {}

      at Object.<anonymous> (src/components/product/ProductList.test.js:14:17)

 FAIL  src/components/product/ProductDetails.test.js
  ? Console

    console.log
      <ContextProvider value={{...}}>
        <Connect(ProductDetails) product={{...}} />
      </ContextProvider>

      at src/components/product/ProductDetails.test.js:14:13

  ? Product details Component › Have title as h2

    expect(received).toEqual(expected) // deep equality

    Expected: 1
    Received: 0

      14 |     console.log(wrapper.debug())
      15 |     test('Have title as h2',()=> {
    > 16 |         expect(wrapper.find('h2').length).toEqual(1)
         |                                           ^
      17 |     })
      18 | })

      at Object.<anonymous> (src/components/product/ProductDetails.test.js:16:43)

 PASS  src/components/dashboard/dashboard.test.js
  ? Console

    console.log
      Render Using Snapshot

      at Object.<anonymous> (src/components/dashboard/dashboard.test.js:24:17)

    console.log
      Dashboard have a LeftPane

      at Object.<anonymous> (src/components/dashboard/dashboard.test.js:30:17)

    console.log
      Dashboard have a RightPane

      at Object.<anonymous> (src/components/dashboard/dashboard.test.js:35:17)

----------|---------|----------|---------|---------|-------------------
File      | % Stmts | % Branch | % Funcs | % Lines | Uncovered Line #s
----------|---------|----------|---------|---------|-------------------
All files |       0 |        0 |       0 |       0 |
----------|---------|----------|---------|---------|-------------------

Test Suites: 1 failed, 4 passed, 5 total
Tests:       1 failed, 9 passed, 10 total
Snapshots:   2 passed, 2 total
Time:        10.985 s
Ran all test suites.

Watch Usage: Press w to show more.
 FAIL  src/components/product/ProductDetails.test.js
  ? Console

    console.log
      <ContextProvider value={{...}}>
        <Connect(ProductDetails) product={{...}} />
      </ContextProvider>

      at src/components/product/ProductDetails.test.js:14:13

  ? Product details Component › Have title as h2

    expect(received).toEqual(expected) // deep equality

    Expected: 1
    Received: 0

      14 |     console.log(wrapper.debug())
      15 |     test('Have title as h2',()=> {
    > 16 |         expect(wrapper.find('h2').length).toEqual(1)
         |                                           ^
      17 |     })
      18 | })

      at Object.<anonymous> (src/components/product/ProductDetails.test.js:16:43)

 PASS  src/App.test.js (5.391 s)
  ? Console

    console.log
      Rendered Successfully

      at Object.<anonymous> (src/App.test.js:15:13)

 PASS  src/components/user/Signup.test.js
  ? Console

    console.log
      New user Register your Details

      at Object.<anonymous> (src/components/user/Signup.test.js:22:17)

    console.log
      Edit User Edit Your Details

      at Object.<anonymous> (src/components/user/Signup.test.js:31:17)

 PASS  src/components/dashboard/dashboard.test.js
  ? Console

    console.log
      Render Using Snapshot

      at Object.<anonymous> (src/components/dashboard/dashboard.test.js:24:17)

    console.log
      Dashboard have a LeftPane

      at Object.<anonymous> (src/components/dashboard/dashboard.test.js:30:17)

    console.log
      Dashboard have a RightPane

      at Object.<anonymous> (src/components/dashboard/dashboard.test.js:35:17)

 PASS  src/components/product/ProductList.test.js
  ? Console

    console.log
      ShallowWrapper {}

      at Object.<anonymous> (src/components/product/ProductList.test.js:14:17)

----------|---------|----------|---------|---------|-------------------
File      | % Stmts | % Branch | % Funcs | % Lines | Uncovered Line #s
----------|---------|----------|---------|---------|-------------------
All files |       0 |        0 |       0 |       0 |
----------|---------|----------|---------|---------|-------------------

Test Suites: 1 failed, 4 passed, 5 total
Tests:       1 failed, 9 passed, 10 total
Snapshots:   2 passed, 2 total
Time:        10.565 s
Ran all test suites.

Watch Usage: Press w to show more.
 PASS  src/App.test.js (18.912 s)
  ? Console

    console.log
      Rendered Successfully

      at Object.<anonymous> (src/App.test.js:15:13)

 PASS  src/components/user/Signup.test.js
  ? Console

    console.log
      New user Register your Details

      at Object.<anonymous> (src/components/user/Signup.test.js:22:17)

    console.log
      Edit User Edit Your Details

      at Object.<anonymous> (src/components/user/Signup.test.js:31:17)

 FAIL  src/components/product/ProductDetails.test.js
  ? Test suite failed to run

    Your test suite must contain at least one test.

      at onResult (node_modules/@jest/core/build/TestScheduler.js:175:18)
      at node_modules/@jest/core/build/TestScheduler.js:304:17
      at node_modules/emittery/index.js:260:13
          at Array.map (<anonymous>)
      at Emittery.Typed.emit (node_modules/emittery/index.js:258:23)
          at runMicrotasks (<anonymous>)

 PASS  src/components/dashboard/dashboard.test.js
  ? Console

    console.log
      Render Using Snapshot

      at Object.<anonymous> (src/components/dashboard/dashboard.test.js:24:17)

    console.log
      Dashboard have a LeftPane

      at Object.<anonymous> (src/components/dashboard/dashboard.test.js:30:17)

    console.log
      Dashboard have a RightPane

      at Object.<anonymous> (src/components/dashboard/dashboard.test.js:35:17)

 PASS  src/components/product/ProductList.test.js
  ? Console

    console.log
      ShallowWrapper {}

      at Object.<anonymous> (src/components/product/ProductList.test.js:14:17)

----------|---------|----------|---------|---------|-------------------
File      | % Stmts | % Branch | % Funcs | % Lines | Uncovered Line #s
----------|---------|----------|---------|---------|-------------------
All files |       0 |        0 |       0 |       0 |
----------|---------|----------|---------|---------|-------------------

Test Suites: 1 failed, 4 passed, 5 total
Tests:       9 passed, 9 total
Snapshots:   2 passed, 2 total
Time:        35.479 s
Ran all test suites.

Watch Usage: Press w to show more.
 PASS  src/components/product/ProductList.test.js (6.138 s)
  ? Console

    console.log
      ShallowWrapper {}

      at Object.<anonymous> (src/components/product/ProductList.test.js:14:17)

 PASS  src/App.test.js (7.156 s)
  ? Console

    console.log
      Rendered Successfully

      at Object.<anonymous> (src/App.test.js:15:13)

 PASS  src/components/user/Signup.test.js
  ? Console

    console.log
      New user Register your Details

      at Object.<anonymous> (src/components/user/Signup.test.js:22:17)

    console.log
      Edit User Edit Your Details

      at Object.<anonymous> (src/components/user/Signup.test.js:31:17)

 PASS  src/components/dashboard/dashboard.test.js
  ? Console

    console.log
      Render Using Snapshot

      at Object.<anonymous> (src/components/dashboard/dashboard.test.js:24:17)

    console.log
      Dashboard have a LeftPane

      at Object.<anonymous> (src/components/dashboard/dashboard.test.js:30:17)

    console.log
      Dashboard have a RightPane

      at Object.<anonymous> (src/components/dashboard/dashboard.test.js:35:17)

 FAIL  src/components/product/ProductDetails.test.js
  ? Test suite failed to run

    Your test suite must contain at least one test.

      at onResult (node_modules/@jest/core/build/TestScheduler.js:175:18)
      at node_modules/@jest/core/build/TestScheduler.js:304:17
      at node_modules/emittery/index.js:260:13
          at Array.map (<anonymous>)
      at Emittery.Typed.emit (node_modules/emittery/index.js:258:23)
          at runMicrotasks (<anonymous>)

----------|---------|----------|---------|---------|-------------------
File      | % Stmts | % Branch | % Funcs | % Lines | Uncovered Line #s
----------|---------|----------|---------|---------|-------------------
All files |       0 |        0 |       0 |       0 |
----------|---------|----------|---------|---------|-------------------
Test Suites: 1 failed, 4 passed, 5 total
Tests:       9 passed, 9 total
Snapshots:   2 passed, 2 total
Time:        18.919 s, estimated 19 s
Ran all test suites.

Watch Usage: Press w to show more.
 PASS  src/components/product/ProductList.test.js (6.367 s)
  ? Console

    console.log
      ShallowWrapper {}

      at Object.<anonymous> (src/components/product/ProductList.test.js:14:17)

 PASS  src/App.test.js (7.427 s)
  ? Console

    console.log
      Rendered Successfully

      at Object.<anonymous> (src/App.test.js:15:13)

 PASS  src/components/user/Signup.test.js
  ? Console

    console.log
      New user Register your Details

      at Object.<anonymous> (src/components/user/Signup.test.js:22:17)

    console.log
      Edit User Edit Your Details

      at Object.<anonymous> (src/components/user/Signup.test.js:31:17)

 PASS  src/components/dashboard/dashboard.test.js
  ? Console

    console.log
      Render Using Snapshot

      at Object.<anonymous> (src/components/dashboard/dashboard.test.js:24:17)

    console.log
      Dashboard have a LeftPane

      at Object.<anonymous> (src/components/dashboard/dashboard.test.js:30:17)

    console.log
      Dashboard have a RightPane

      at Object.<anonymous> (src/components/dashboard/dashboard.test.js:35:17)

 FAIL  src/components/product/ProductDetails.test.js
  ? Test suite failed to run

    Your test suite must contain at least one test.

      at onResult (node_modules/@jest/core/build/TestScheduler.js:175:18)
      at node_modules/@jest/core/build/TestScheduler.js:304:17
      at node_modules/emittery/index.js:260:13
          at Array.map (<anonymous>)
      at Emittery.Typed.emit (node_modules/emittery/index.js:258:23)
          at runMicrotasks (<anonymous>)

----------|---------|----------|---------|---------|-------------------
File      | % Stmts | % Branch | % Funcs | % Lines | Uncovered Line #s
----------|---------|----------|---------|---------|-------------------
All files |       0 |        0 |       0 |       0 |
----------|---------|----------|---------|---------|-------------------
Test Suites: 1 failed, 4 passed, 5 total
Tests:       9 passed, 9 total
Snapshots:   2 passed, 2 total
Time:        16.098 s
Ran all test suites.

Watch Usage: Press w to show more.
 PASS  src/components/product/ProductList.test.js (5.946 s)
  ? Console

    console.log
      ShallowWrapper {}

      at Object.<anonymous> (src/components/product/ProductList.test.js:14:17)

 PASS  src/App.test.js (6.779 s)
  ? Console

    console.log
      Rendered Successfully

      at Object.<anonymous> (src/App.test.js:15:13)

 PASS  src/components/dashboard/dashboard.test.js
  ? Console

    console.log
      Render Using Snapshot

      at Object.<anonymous> (src/components/dashboard/dashboard.test.js:24:17)

    console.log
      Dashboard have a LeftPane

      at Object.<anonymous> (src/components/dashboard/dashboard.test.js:30:17)

    console.log
      Dashboard have a RightPane

      at Object.<anonymous> (src/components/dashboard/dashboard.test.js:35:17)

 PASS  src/components/user/Signup.test.js
  ? Console

    console.log
      New user Register your Details

      at Object.<anonymous> (src/components/user/Signup.test.js:22:17)

    console.log
      Edit User Edit Your Details

      at Object.<anonymous> (src/components/user/Signup.test.js:31:17)

 FAIL  src/components/product/ProductDetails.test.js
  ? product details component › render with out error

    Could not find "store" in the context of "Connect(ProductDetails)". Either wrap the root component in a <Provider>, or pass a custom React context provider to <Provider> and the corresponding React context consumer to Connect(ProductDetails) in connect options.

       5 | const setup = (initialState = {}) => {
       6 |     const store = initialState;
    >  7 |     const wrapper = shallow(<ProductDetails store={store} />)
         |                     ^
       8 |     return wrapper;
       9 | }
      10 |

      at Connect(ProductDetails) (node_modules/react-redux/lib/components/connectAdvanced.js:259:15)
      at Connect(ProductDetails) (node_modules/enzyme-adapter-react-16/src/ReactSixteenAdapter.js:596:35)
      at ReactShallowRenderer.render (node_modules/react-test-renderer/cjs/react-test-renderer-shallow.development.js:829:32)
      at renderElement (node_modules/enzyme-adapter-react-16/src/ReactSixteenAdapter.js:642:26)
      at fn (node_modules/enzyme-adapter-react-16/src/ReactSixteenAdapter.js:697:46)
      at withSetStateAllowed (node_modules/enzyme-adapter-utils/src/Utils.js:100:18)
      at Object.render (node_modules/enzyme-adapter-react-16/src/ReactSixteenAdapter.js:697:20)
      at new ShallowWrapper (node_modules/enzyme/src/ShallowWrapper.js:411:22)
      at shallow (node_modules/enzyme/src/shallow.js:10:10)
      at setup (src/components/product/ProductDetails.test.js:7:21)
      at Object.<anonymous> (src/components/product/ProductDetails.test.js:24:21)

----------|---------|----------|---------|---------|-------------------
File      | % Stmts | % Branch | % Funcs | % Lines | Uncovered Line #s
----------|---------|----------|---------|---------|-------------------
All files |       0 |        0 |       0 |       0 |
----------|---------|----------|---------|---------|-------------------
Test Suites: 1 failed, 4 passed, 5 total
Tests:       1 failed, 9 passed, 10 total
Snapshots:   2 passed, 2 total
Time:        15.033 s
Ran all test suites.

Watch Usage: Press w to show more.
 PASS  src/App.test.js (6.26 s)
  ? Console

    console.log
      Rendered Successfully

      at Object.<anonymous> (src/App.test.js:15:13)

 FAIL  src/components/product/ProductDetails.test.js (7.102 s)
  ? product details component › render with out error

    Could not find "store" in the context of "Connect(ProductDetails)". Either wrap the root component in a <Provider>, or pass a custom React context provider to <Provider> and the corresponding React context consumer to Connect(ProductDetails) in connect options.

       5 | const setup = (initialState = {}) => {
       6 |     const store = initialState;
    >  7 |     const wrapper = shallow(<ProductDetails store={store} />)
         |                     ^
       8 |     console.log(wrapper)
       9 |     return wrapper;
      10 | }

      at Connect(ProductDetails) (node_modules/react-redux/lib/components/connectAdvanced.js:259:15)
      at Connect(ProductDetails) (node_modules/enzyme-adapter-react-16/src/ReactSixteenAdapter.js:596:35)
      at ReactShallowRenderer.render (node_modules/react-test-renderer/cjs/react-test-renderer-shallow.development.js:829:32)
      at renderElement (node_modules/enzyme-adapter-react-16/src/ReactSixteenAdapter.js:642:26)
      at fn (node_modules/enzyme-adapter-react-16/src/ReactSixteenAdapter.js:697:46)
      at withSetStateAllowed (node_modules/enzyme-adapter-utils/src/Utils.js:100:18)
      at Object.render (node_modules/enzyme-adapter-react-16/src/ReactSixteenAdapter.js:697:20)
      at new ShallowWrapper (node_modules/enzyme/src/ShallowWrapper.js:411:22)
      at shallow (node_modules/enzyme/src/shallow.js:10:10)
      at setup (src/components/product/ProductDetails.test.js:7:21)
      at Object.<anonymous> (src/components/product/ProductDetails.test.js:25:21)

 PASS  src/components/product/ProductList.test.js
  ? Console

    console.log
      ShallowWrapper {}

      at Object.<anonymous> (src/components/product/ProductList.test.js:14:17)

 PASS  src/components/dashboard/dashboard.test.js
  ? Console

    console.log
      Render Using Snapshot

      at Object.<anonymous> (src/components/dashboard/dashboard.test.js:24:17)

    console.log
      Dashboard have a LeftPane

      at Object.<anonymous> (src/components/dashboard/dashboard.test.js:30:17)

    console.log
      Dashboard have a RightPane

      at Object.<anonymous> (src/components/dashboard/dashboard.test.js:35:17)

 PASS  src/components/user/Signup.test.js
  ? Console

    console.log
      New user Register your Details

      at Object.<anonymous> (src/components/user/Signup.test.js:22:17)

    console.log
      Edit User Edit Your Details

      at Object.<anonymous> (src/components/user/Signup.test.js:31:17)

----------|---------|----------|---------|---------|-------------------
File      | % Stmts | % Branch | % Funcs | % Lines | Uncovered Line #s
----------|---------|----------|---------|---------|-------------------
All files |       0 |        0 |       0 |       0 |
----------|---------|----------|---------|---------|-------------------

Test Suites: 1 failed, 4 passed, 5 total
Tests:       1 failed, 9 passed, 10 total
Snapshots:   2 passed, 2 total
Time:        11.886 s
Ran all test suites.

Watch Usage: Press w to show more.
 PASS  src/App.test.js (6.47 s)
  ? Console

    console.log
      Rendered Successfully

      at Object.<anonymous> (src/App.test.js:15:13)

 FAIL  src/components/product/ProductDetails.test.js (7.403 s)
  ? Console

    console.error
      Warning: Failed prop type: The prop `store.subscribe` is marked as required in `Provider`, but its value is `undefined`.
          at Provider (D:\Project\capstone-react\node_modules\react-redux\lib\components\Provider.js:19:20)

       7 | const setup = (initialState = {}) => {
       8 |     const store = initialState;
    >  9 |     const wrapper = shallow(<Provider store={store}><ProductDetails /></Provider>)
         |                             ^
      10 |     console.log(wrapper)
      11 |     return wrapper;
      12 | }

      at printWarning (node_modules/react/cjs/react-jsx-dev-runtime.development.js:117:30)
      at error (node_modules/react/cjs/react-jsx-dev-runtime.development.js:93:5)
      at checkPropTypes (node_modules/react/cjs/react-jsx-dev-runtime.development.js:620:11)
      at validatePropTypes (node_modules/react/cjs/react-jsx-dev-runtime.development.js:1072:7)
      at jsxWithValidation (node_modules/react/cjs/react-jsx-dev-runtime.development.js:1192:7)
      at setup (src/components/product/ProductDetails.test.js:9:29)
      at Object.<anonymous> (src/components/product/ProductDetails.test.js:28:21)

  ? product details component › render with out error

    TypeError: store.getState is not a function

       7 | const setup = (initialState = {}) => {
       8 |     const store = initialState;
    >  9 |     const wrapper = shallow(<Provider store={store}><ProductDetails /></Provider>)
         |                     ^
      10 |     console.log(wrapper)
      11 |     return wrapper;
      12 | }

      at node_modules/react-redux/lib/components/Provider.js:31:18
      at Object.useMemo (node_modules/react-test-renderer/cjs/react-test-renderer-shallow.development.js:539:23)
      at useMemo (node_modules/react/cjs/react.development.js:1532:21)
      at Provider (node_modules/react-redux/lib/components/Provider.js:30:42)
      at ReactShallowRenderer.render (node_modules/react-test-renderer/cjs/react-test-renderer-shallow.development.js:829:32)
      at renderElement (node_modules/enzyme-adapter-react-16/src/ReactSixteenAdapter.js:642:26)
      at fn (node_modules/enzyme-adapter-react-16/src/ReactSixteenAdapter.js:704:46)
      at withSetStateAllowed (node_modules/enzyme-adapter-utils/src/Utils.js:100:18)
      at Object.render (node_modules/enzyme-adapter-react-16/src/ReactSixteenAdapter.js:704:20)
      at new ShallowWrapper (node_modules/enzyme/src/ShallowWrapper.js:411:22)
      at shallow (node_modules/enzyme/src/shallow.js:10:10)
      at setup (src/components/product/ProductDetails.test.js:9:21)
      at Object.<anonymous> (src/components/product/ProductDetails.test.js:28:21)

 PASS  src/components/user/Signup.test.js
  ? Console

    console.log
      New user Register your Details

      at Object.<anonymous> (src/components/user/Signup.test.js:22:17)

    console.log
      Edit User Edit Your Details

      at Object.<anonymous> (src/components/user/Signup.test.js:31:17)

 PASS  src/components/dashboard/dashboard.test.js
  ? Console

    console.log
      Render Using Snapshot

      at Object.<anonymous> (src/components/dashboard/dashboard.test.js:24:17)

    console.log
      Dashboard have a LeftPane

      at Object.<anonymous> (src/components/dashboard/dashboard.test.js:30:17)

    console.log
      Dashboard have a RightPane

      at Object.<anonymous> (src/components/dashboard/dashboard.test.js:35:17)

 PASS  src/components/product/ProductList.test.js
  ? Console

    console.log
      ShallowWrapper {}

      at Object.<anonymous> (src/components/product/ProductList.test.js:14:17)

----------|---------|----------|---------|---------|-------------------
File      | % Stmts | % Branch | % Funcs | % Lines | Uncovered Line #s
----------|---------|----------|---------|---------|-------------------
All files |       0 |        0 |       0 |       0 |
----------|---------|----------|---------|---------|-------------------

Test Suites: 1 failed, 4 passed, 5 total
Tests:       1 failed, 9 passed, 10 total
Snapshots:   2 passed, 2 total
Time:        11.972 s
Ran all test suites.

Watch Usage: Press w to show more.
 PASS  src/App.test.js (7.021 s)
  ? Console

    console.log
      Rendered Successfully

      at Object.<anonymous> (src/App.test.js:15:13)

 FAIL  src/components/product/ProductDetails.test.js (8.238 s)
  ? Console

    console.error
      Warning: Failed prop type: The prop `store.subscribe` is marked as required in `Provider`, but its value is `undefined`.
          at Provider (D:\Project\capstone-react\node_modules\react-redux\lib\components\Provider.js:19:20)

       7 | const setup = (initialState = {}) => {
       8 |     const store = initialState;
    >  9 |     const wrapper = shallow(<Provider store={store}><ProductDetails /></Provider>)
         |                             ^
      10 |     console.log(wrapper.debug())
      11 |     return wrapper;
      12 | }

      at printWarning (node_modules/react/cjs/react-jsx-dev-runtime.development.js:117:30)
      at error (node_modules/react/cjs/react-jsx-dev-runtime.development.js:93:5)
      at checkPropTypes (node_modules/react/cjs/react-jsx-dev-runtime.development.js:620:11)
      at validatePropTypes (node_modules/react/cjs/react-jsx-dev-runtime.development.js:1072:7)
      at jsxWithValidation (node_modules/react/cjs/react-jsx-dev-runtime.development.js:1192:7)
      at setup (src/components/product/ProductDetails.test.js:9:29)
      at Object.<anonymous> (src/components/product/ProductDetails.test.js:28:21)

  ? product details component › render with out error

    TypeError: store.getState is not a function

       7 | const setup = (initialState = {}) => {
       8 |     const store = initialState;
    >  9 |     const wrapper = shallow(<Provider store={store}><ProductDetails /></Provider>)
         |                     ^
      10 |     console.log(wrapper.debug())
      11 |     return wrapper;
      12 | }

      at node_modules/react-redux/lib/components/Provider.js:31:18
      at Object.useMemo (node_modules/react-test-renderer/cjs/react-test-renderer-shallow.development.js:539:23)
      at useMemo (node_modules/react/cjs/react.development.js:1532:21)
      at Provider (node_modules/react-redux/lib/components/Provider.js:30:42)
      at ReactShallowRenderer.render (node_modules/react-test-renderer/cjs/react-test-renderer-shallow.development.js:829:32)
      at renderElement (node_modules/enzyme-adapter-react-16/src/ReactSixteenAdapter.js:642:26)
      at fn (node_modules/enzyme-adapter-react-16/src/ReactSixteenAdapter.js:704:46)
      at withSetStateAllowed (node_modules/enzyme-adapter-utils/src/Utils.js:100:18)
      at Object.render (node_modules/enzyme-adapter-react-16/src/ReactSixteenAdapter.js:704:20)
      at new ShallowWrapper (node_modules/enzyme/src/ShallowWrapper.js:411:22)
      at shallow (node_modules/enzyme/src/shallow.js:10:10)
      at setup (src/components/product/ProductDetails.test.js:9:21)
      at Object.<anonymous> (src/components/product/ProductDetails.test.js:28:21)

 PASS  src/components/product/ProductList.test.js
  ? Console

    console.log
      ShallowWrapper {}

      at Object.<anonymous> (src/components/product/ProductList.test.js:14:17)

 PASS  src/components/user/Signup.test.js
  ? Console

    console.log
      New user Register your Details

      at Object.<anonymous> (src/components/user/Signup.test.js:22:17)

    console.log
      Edit User Edit Your Details

      at Object.<anonymous> (src/components/user/Signup.test.js:31:17)

 PASS  src/components/dashboard/dashboard.test.js
  ? Console

    console.log
      Render Using Snapshot

      at Object.<anonymous> (src/components/dashboard/dashboard.test.js:24:17)

    console.log
      Dashboard have a LeftPane

      at Object.<anonymous> (src/components/dashboard/dashboard.test.js:30:17)

    console.log
      Dashboard have a RightPane

      at Object.<anonymous> (src/components/dashboard/dashboard.test.js:35:17)

----------|---------|----------|---------|---------|-------------------
File      | % Stmts | % Branch | % Funcs | % Lines | Uncovered Line #s
----------|---------|----------|---------|---------|-------------------
All files |       0 |        0 |       0 |       0 |
----------|---------|----------|---------|---------|-------------------

Test Suites: 1 failed, 4 passed, 5 total
Tests:       1 failed, 9 passed, 10 total
Snapshots:   2 passed, 2 total
Time:        13.973 s
Ran all test suites.

Watch Usage: Press w to show more.
 PASS  src/App.test.js (6.627 s)
  ? Console

    console.log
      Rendered Successfully

      at Object.<anonymous> (src/App.test.js:15:13)

 FAIL  src/components/product/ProductDetails.test.js (7.502 s)
  ? Console

    console.log
      <ContextProvider value={{...}}>
        <Connect(ProductDetails) />
      </ContextProvider>

      at setup (src/components/product/ProductDetails.test.js:12:13)

  ? product details component › render with out error

    ReferenceError: wrapper is not defined

      29 |         }
      30 |         component = setup(initialState);
    > 31 |         console.log(wrapper)
         |                     ^
      32 |     })
      33 |
      34 |     test('render with out error', () => {

      at Object.<anonymous> (src/components/product/ProductDetails.test.js:31:21)

 PASS  src/components/dashboard/dashboard.test.js
  ? Console

    console.log
      Render Using Snapshot

      at Object.<anonymous> (src/components/dashboard/dashboard.test.js:24:17)

    console.log
      Dashboard have a LeftPane

      at Object.<anonymous> (src/components/dashboard/dashboard.test.js:30:17)

    console.log
      Dashboard have a RightPane

      at Object.<anonymous> (src/components/dashboard/dashboard.test.js:35:17)

 PASS  src/components/product/ProductList.test.js
  ? Console

    console.log
      ShallowWrapper {}

      at Object.<anonymous> (src/components/product/ProductList.test.js:14:17)

 PASS  src/components/user/Signup.test.js
  ? Console

    console.log
      New user Register your Details

      at Object.<anonymous> (src/components/user/Signup.test.js:22:17)

    console.log
      Edit User Edit Your Details

      at Object.<anonymous> (src/components/user/Signup.test.js:31:17)

----------|---------|----------|---------|---------|-------------------
File      | % Stmts | % Branch | % Funcs | % Lines | Uncovered Line #s
----------|---------|----------|---------|---------|-------------------
All files |       0 |        0 |       0 |       0 |
----------|---------|----------|---------|---------|-------------------

Test Suites: 1 failed, 4 passed, 5 total
Tests:       1 failed, 9 passed, 10 total
Snapshots:   2 passed, 2 total
Time:        12.603 s
Ran all test suites.

Watch Usage: Press w to show more.
 PASS  src/App.test.js (5.671 s)
  ? Console

    console.log
      Rendered Successfully

      at Object.<anonymous> (src/App.test.js:15:13)

 PASS  src/components/product/ProductDetails.test.js (6.264 s)
  ? Console

    console.log
      <ContextProvider value={{...}}>
        <Connect(ProductDetails) />
      </ContextProvider>

      at setup (src/components/product/ProductDetails.test.js:12:13)

    console.log
      ShallowWrapper {}

      at Object.<anonymous> (src/components/product/ProductDetails.test.js:31:17)

    console.log
      ShallowWrapper {}

      at Object.<anonymous> (src/components/product/ProductDetails.test.js:36:17)

 PASS  src/components/dashboard/dashboard.test.js
  ? Console

    console.log
      Render Using Snapshot

      at Object.<anonymous> (src/components/dashboard/dashboard.test.js:24:17)

    console.log
      Dashboard have a LeftPane

      at Object.<anonymous> (src/components/dashboard/dashboard.test.js:30:17)

    console.log
      Dashboard have a RightPane

      at Object.<anonymous> (src/components/dashboard/dashboard.test.js:35:17)

 PASS  src/components/product/ProductList.test.js
  ? Console

    console.log
      ShallowWrapper {}

      at Object.<anonymous> (src/components/product/ProductList.test.js:14:17)

 PASS  src/components/user/Signup.test.js
  ? Console

    console.log
      New user Register your Details

      at Object.<anonymous> (src/components/user/Signup.test.js:22:17)

    console.log
      Edit User Edit Your Details

      at Object.<anonymous> (src/components/user/Signup.test.js:31:17)

----------|---------|----------|---------|---------|-------------------
File      | % Stmts | % Branch | % Funcs | % Lines | Uncovered Line #s
----------|---------|----------|---------|---------|-------------------
All files |       0 |        0 |       0 |       0 |
----------|---------|----------|---------|---------|-------------------

Test Suites: 5 passed, 5 total
Tests:       10 passed, 10 total
Snapshots:   2 passed, 2 total
Time:        11.268 s
Ran all test suites.

Watch Usage: Press w to show more.
 PASS  src/App.test.js (7.936 s)
  ? Console

    console.log
      Rendered Successfully

      at Object.<anonymous> (src/App.test.js:15:13)

 PASS  src/components/product/ProductDetails.test.js (8.544 s)
  ? Console

    console.log
      <Connect(ProductDetails) />

      at setup (src/components/product/ProductDetails.test.js:12:13)

    console.log
      ShallowWrapper {}

      at Object.<anonymous> (src/components/product/ProductDetails.test.js:31:17)

    console.log
      ShallowWrapper {}

      at Object.<anonymous> (src/components/product/ProductDetails.test.js:36:17)

 PASS  src/components/product/ProductList.test.js
  ? Console

    console.log
      ShallowWrapper {}

      at Object.<anonymous> (src/components/product/ProductList.test.js:14:17)

 PASS  src/components/dashboard/dashboard.test.js
  ? Console

    console.log
      Render Using Snapshot

      at Object.<anonymous> (src/components/dashboard/dashboard.test.js:24:17)

    console.log
      Dashboard have a LeftPane

      at Object.<anonymous> (src/components/dashboard/dashboard.test.js:30:17)

    console.log
      Dashboard have a RightPane

      at Object.<anonymous> (src/components/dashboard/dashboard.test.js:35:17)

 PASS  src/components/user/Signup.test.js
  ? Console

    console.log
      New user Register your Details

      at Object.<anonymous> (src/components/user/Signup.test.js:22:17)

    console.log
      Edit User Edit Your Details

      at Object.<anonymous> (src/components/user/Signup.test.js:31:17)

----------|---------|----------|---------|---------|-------------------
File      | % Stmts | % Branch | % Funcs | % Lines | Uncovered Line #s
----------|---------|----------|---------|---------|-------------------
All files |       0 |        0 |       0 |       0 |
----------|---------|----------|---------|---------|-------------------

Test Suites: 5 passed, 5 total
Tests:       10 passed, 10 total
Snapshots:   2 passed, 2 total
Time:        12.425 s
Ran all test suites.

Watch Usage: Press w to show more.
 PASS  src/App.test.js (5.326 s)
  ? Console

    console.log
      Rendered Successfully

      at Object.<anonymous> (src/App.test.js:15:13)

 FAIL  src/components/product/ProductDetails.test.js (6.061 s)
  ? Console

    console.log
      <Connect(ProductDetails) />

      at setup (src/components/product/ProductDetails.test.js:12:13)

    console.log
      ShallowWrapper {}

      at Object.<anonymous> (src/components/product/ProductDetails.test.js:31:17)

  ? product details component › render with out error

    expect(received).toBe(expected) // Object.is equality

    Expected: 1
    Received: 0

      34 |     test('render with out error', () => {
      35 |         const container = findByTestAttr(component, 'productdetails')
    > 36 |         expect(container.length).toBe(1)
         |                                  ^
      37 |         console.log(container)
      38 |     })
      39 | })

      at Object.<anonymous> (src/components/product/ProductDetails.test.js:36:34)

 PASS  src/components/dashboard/dashboard.test.js
  ? Console

    console.log
      Render Using Snapshot

      at Object.<anonymous> (src/components/dashboard/dashboard.test.js:24:17)

    console.log
      Dashboard have a LeftPane

      at Object.<anonymous> (src/components/dashboard/dashboard.test.js:30:17)

    console.log
      Dashboard have a RightPane

      at Object.<anonymous> (src/components/dashboard/dashboard.test.js:35:17)

 PASS  src/components/product/ProductList.test.js
  ? Console

    console.log
      ShallowWrapper {}

      at Object.<anonymous> (src/components/product/ProductList.test.js:14:17)

 PASS  src/components/user/Signup.test.js
  ? Console

    console.log
      New user Register your Details

      at Object.<anonymous> (src/components/user/Signup.test.js:22:17)

    console.log
      Edit User Edit Your Details

      at Object.<anonymous> (src/components/user/Signup.test.js:31:17)

----------|---------|----------|---------|---------|-------------------
File      | % Stmts | % Branch | % Funcs | % Lines | Uncovered Line #s
----------|---------|----------|---------|---------|-------------------
All files |       0 |        0 |       0 |       0 |
----------|---------|----------|---------|---------|-------------------

Test Suites: 1 failed, 4 passed, 5 total
Tests:       1 failed, 9 passed, 10 total
Snapshots:   2 passed, 2 total
Time:        9.953 s, estimated 10 s
Ran all test suites.

Watch Usage: Press w to show more.
 PASS  src/App.test.js (5.562 s)
  ? Console

    console.log
      Rendered Successfully

      at Object.<anonymous> (src/App.test.js:15:13)

 FAIL  src/components/product/ProductDetails.test.js (6.382 s)
  ? product details component › render with out error

    Could not find "store" in the context of "Connect(ProductDetails)". Either wrap the root component in a <Provider>, or pass a custom React context provider to <Provider> and the corresponding React context consumer to Connect(ProductDetails) in connect options.

       9 | const setup = (initialState = {}) => {
      10 |     // const store = initialState;
    > 11 |     const wrapper = shallow(<Provider store={store}><ProductDetails /></Provider>).childAt(0).dive()
         |                                                                                               ^
      12 |     console.log(wrapper.debug())
      13 |     return wrapper;
      14 | }

      at Connect(ProductDetails) (node_modules/react-redux/lib/components/connectAdvanced.js:259:15)
      at ReactShallowRenderer.render (node_modules/react-test-renderer/cjs/react-test-renderer-shallow.development.js:829:32)
      at renderElement (node_modules/enzyme-adapter-react-16/src/ReactSixteenAdapter.js:642:26)
      at fn (node_modules/enzyme-adapter-react-16/src/ReactSixteenAdapter.js:704:46)
      at withSetStateAllowed (node_modules/enzyme-adapter-utils/src/Utils.js:100:18)
      at Object.render (node_modules/enzyme-adapter-react-16/src/ReactSixteenAdapter.js:704:20)
      at new ShallowWrapper (node_modules/enzyme/src/ShallowWrapper.js:411:22)
      at ShallowWrapper.wrap (node_modules/enzyme/src/ShallowWrapper.js:1668:5)
      at ShallowWrapper.call (node_modules/enzyme/src/ShallowWrapper.js:1713:19)
      at ShallowWrapper.single (node_modules/enzyme/src/ShallowWrapper.js:1654:21)
      at ShallowWrapper.dive (node_modules/enzyme/src/ShallowWrapper.js:1704:17)
      at setup (src/components/product/ProductDetails.test.js:11:95)
      at Object.<anonymous> (src/components/product/ProductDetails.test.js:30:21)

 PASS  src/components/product/ProductList.test.js
  ? Console

    console.log
      ShallowWrapper {}

      at Object.<anonymous> (src/components/product/ProductList.test.js:14:17)

 PASS  src/components/user/Signup.test.js
  ? Console

    console.log
      New user Register your Details

      at Object.<anonymous> (src/components/user/Signup.test.js:22:17)

    console.log
      Edit User Edit Your Details

      at Object.<anonymous> (src/components/user/Signup.test.js:31:17)

 PASS  src/components/dashboard/dashboard.test.js
  ? Console

    console.log
      Render Using Snapshot

      at Object.<anonymous> (src/components/dashboard/dashboard.test.js:24:17)

    console.log
      Dashboard have a LeftPane

      at Object.<anonymous> (src/components/dashboard/dashboard.test.js:30:17)

    console.log
      Dashboard have a RightPane

      at Object.<anonymous> (src/components/dashboard/dashboard.test.js:35:17)

----------|---------|----------|---------|---------|-------------------
File      | % Stmts | % Branch | % Funcs | % Lines | Uncovered Line #s
----------|---------|----------|---------|---------|-------------------
All files |       0 |        0 |       0 |       0 |
----------|---------|----------|---------|---------|-------------------

Test Suites: 1 failed, 4 passed, 5 total
Tests:       1 failed, 9 passed, 10 total
Snapshots:   2 passed, 2 total
Time:        11.248 s
Ran all test suites.

Watch Usage: Press w to show more.
 PASS  src/App.test.js (6.666 s)
  ? Console

    console.log
      Rendered Successfully

      at Object.<anonymous> (src/App.test.js:15:13)

 FAIL  src/components/product/ProductDetails.test.js (7.743 s)
  ? product details component › render with out error

    TypeError: Cannot read property 'getState' of undefined

       9 |     // const store = mockStore({});
      10 |     const store = initialState;
    > 11 |     const wrapper = shallow(<Provider><ProductDetails store={store} /></Provider>).childAt(0).dive()
         |                     ^
      12 |     console.log(wrapper.debug())
      13 |     return wrapper;
      14 | }

      at node_modules/react-redux/lib/components/Provider.js:31:18
      at Object.useMemo (node_modules/react-test-renderer/cjs/react-test-renderer-shallow.development.js:539:23)
      at useMemo (node_modules/react/cjs/react.development.js:1532:21)
      at Provider (node_modules/react-redux/lib/components/Provider.js:30:42)
      at ReactShallowRenderer.render (node_modules/react-test-renderer/cjs/react-test-renderer-shallow.development.js:829:32)
      at renderElement (node_modules/enzyme-adapter-react-16/src/ReactSixteenAdapter.js:642:26)
      at fn (node_modules/enzyme-adapter-react-16/src/ReactSixteenAdapter.js:704:46)
      at withSetStateAllowed (node_modules/enzyme-adapter-utils/src/Utils.js:100:18)
      at Object.render (node_modules/enzyme-adapter-react-16/src/ReactSixteenAdapter.js:704:20)
      at new ShallowWrapper (node_modules/enzyme/src/ShallowWrapper.js:411:22)
      at shallow (node_modules/enzyme/src/shallow.js:10:10)
      at setup (src/components/product/ProductDetails.test.js:11:21)
      at Object.<anonymous> (src/components/product/ProductDetails.test.js:30:21)

 PASS  src/components/dashboard/dashboard.test.js
  ? Console

    console.log
      Render Using Snapshot

      at Object.<anonymous> (src/components/dashboard/dashboard.test.js:24:17)

    console.log
      Dashboard have a LeftPane

      at Object.<anonymous> (src/components/dashboard/dashboard.test.js:30:17)

    console.log
      Dashboard have a RightPane

      at Object.<anonymous> (src/components/dashboard/dashboard.test.js:35:17)

 PASS  src/components/user/Signup.test.js
  ? Console

    console.log
      New user Register your Details

      at Object.<anonymous> (src/components/user/Signup.test.js:22:17)

    console.log
      Edit User Edit Your Details

      at Object.<anonymous> (src/components/user/Signup.test.js:31:17)

 PASS  src/components/product/ProductList.test.js
  ? Console

    console.log
      ShallowWrapper {}

      at Object.<anonymous> (src/components/product/ProductList.test.js:14:17)

----------|---------|----------|---------|---------|-------------------
File      | % Stmts | % Branch | % Funcs | % Lines | Uncovered Line #s
----------|---------|----------|---------|---------|-------------------
All files |       0 |        0 |       0 |       0 |
----------|---------|----------|---------|---------|-------------------

Test Suites: 1 failed, 4 passed, 5 total
Tests:       1 failed, 9 passed, 10 total
Snapshots:   2 passed, 2 total
Time:        12.18 s
Ran all test suites.

Watch Usage: Press w to show more.
 PASS  src/App.test.js (5.723 s)
  ? Console

    console.log
      Rendered Successfully

      at Object.<anonymous> (src/App.test.js:15:13)

 FAIL  src/components/product/ProductDetails.test.js (6.449 s)
  ? product details component › render with out error

    Could not find "store" in the context of "Connect(ProductDetails)". Either wrap the root component in a <Provider>, or pass a custom React context provider to <Provider> and the corresponding React context consumer to Connect(ProductDetails) in connect options.

       9 |     // const store = mockStore({});
      10 |     const store = initialState;
    > 11 |     const wrapper = shallow(<ProductDetails store={store} />).childAt(0).dive()
         |                     ^
      12 |     console.log(wrapper.debug())
      13 |     return wrapper;
      14 | }

      at Connect(ProductDetails) (node_modules/react-redux/lib/components/connectAdvanced.js:259:15)
      at Connect(ProductDetails) (node_modules/enzyme-adapter-react-16/src/ReactSixteenAdapter.js:596:35)
[...]
              <div className="modal-body">
                <p>
                  test
                </p>
              </div>
              <div className="modal-footer">
                <button type="button" className="btn btn-secondary" data-dismiss="modal" onClick={[undefined]}>
                  Close
                </button>
              </div>
            </div>
          </div>
        </div>
      </Fragment>

      at setup (src/components/product/AlertModal.test.js:7:13)

  ? Alert modal › Alert message eqault to the props message

    expect(received).toEqual(expected) // deep equality

    Expected: ";kzfvljk"
    Received: "test"

      38 |
      39 |     test('Alert message eqault to the props message', ()=> {
    > 40 |         expect(wrapper.find('p').text()).toEqual(';kzfvljk')
         |                                          ^
      41 |     })
      42 | })

      at Object.<anonymous> (src/components/product/AlertModal.test.js:40:42)

 PASS  src/App.test.js
  ? Console

    console.log
      Rendered Successfully

      at Object.<anonymous> (src/App.test.js:15:13)

 PASS  src/components/user/Signup.test.js
  ? Console

    console.log
      New user Register your Details

      at Object.<anonymous> (src/components/user/Signup.test.js:22:17)

    console.log
      Edit User Edit Your Details

      at Object.<anonymous> (src/components/user/Signup.test.js:31:17)

 PASS  src/components/dashboard/dashboard.test.js
  ? Console

    console.log
      Render Using Snapshot

      at Object.<anonymous> (src/components/dashboard/dashboard.test.js:24:17)

    console.log
      Dashboard have a LeftPane

      at Object.<anonymous> (src/components/dashboard/dashboard.test.js:30:17)

    console.log
      Dashboard have a RightPane

      at Object.<anonymous> (src/components/dashboard/dashboard.test.js:35:17)

 PASS  src/components/product/ProductList.test.js
  ? Console

    console.log
      ShallowWrapper {}

      at Object.<anonymous> (src/components/product/ProductList.test.js:14:17)

----------|---------|----------|---------|---------|-------------------
File      | % Stmts | % Branch | % Funcs | % Lines | Uncovered Line #s
----------|---------|----------|---------|---------|-------------------
All files |       0 |        0 |       0 |       0 |
----------|---------|----------|---------|---------|-------------------

Test Suites: 2 failed, 4 passed, 6 total
Tests:       2 failed, 11 passed, 13 total
Snapshots:   2 passed, 2 total
Time:        11.537 s
Ran all test suites.

Watch Usage: Press w to show more.
 FAIL  src/components/product/ProductDetails.test.js
  ? Console

    console.log
      <Connect(ProductDetails) />

      at Object.<anonymous> (src/components/product/ProductDetails.test.js:28:17)

  ? Dash board component testing › Render with out error using snapshot

    expect(received).toBe(expected) // Object.is equality

    Expected: 1
    Received: 0

      28 |         console.log(enzymeWrapper.debug())
      29 |         let com = findByTestAttr(enzymeWrapper, 'productdetails')
    > 30 |         expect(com.length).toBe(1)
         |                            ^
      31 |     })
      32 |
      33 | })

      at Object.<anonymous> (src/components/product/ProductDetails.test.js:30:28)

 FAIL  src/components/product/AlertModal.test.js (5.923 s)
  ? Console

    console.log
      <Fragment>
        <div className="modal d-block" tabIndex="-1" role="dialog" data-test="modal">
          <div className="modal-dialog" role="document">
            <div className="modal-content">
              <div className="modal-body">
                <p>
                  test
                </p>
              </div>
              <div className="modal-footer">
                <button type="button" className="btn btn-secondary" data-dismiss="modal" onClick={[undefined]}>
                  Close
                </button>
              </div>
            </div>
          </div>
        </div>
      </Fragment>

      at setup (src/components/product/AlertModal.test.js:7:13)

    console.log
      <Fragment>
        <div className="modal d-block" tabIndex="-1" role="dialog" data-test="modal">
          <div className="modal-dialog" role="document">
            <div className="modal-content">
              <div className="modal-body">
                <p>
                  test
                </p>
              </div>
              <div className="modal-footer">
                <button type="button" className="btn btn-secondary" data-dismiss="modal" onClick={[undefined]}>
                  Close
                </button>
              </div>
            </div>
          </div>
        </div>
      </Fragment>

      at setup (src/components/product/AlertModal.test.js:7:13)

    console.log
      <Fragment>
        <div className="modal d-block" tabIndex="-1" role="dialog" data-test="modal">
          <div className="modal-dialog" role="document">
            <div className="modal-content">
              <div className="modal-body">
                <p>
                  test
                </p>
              </div>
              <div className="modal-footer">
                <button type="button" className="btn btn-secondary" data-dismiss="modal" onClick={[undefined]}>
                  Close
                </button>
              </div>
            </div>
          </div>
        </div>
      </Fragment>

      at setup (src/components/product/AlertModal.test.js:7:13)

    console.log
      <Fragment>
        <div className="modal d-block" tabIndex="-1" role="dialog" data-test="modal">
          <div className="modal-dialog" role="document">
            <div className="modal-content">
              <div className="modal-body">
                <p>
                  test
                </p>
              </div>
              <div className="modal-footer">
                <button type="button" className="btn btn-secondary" data-dismiss="modal" onClick={[undefined]}>
                  Close
                </button>
              </div>
            </div>
          </div>
        </div>
      </Fragment>

      at setup (src/components/product/AlertModal.test.js:7:13)

  ? Alert modal › Alert message fail to the props message

    expect(received).toEqual(expected) // deep equality

    Expected: "fail props message"
    Received: "test"

      39 |
      40 |     test('Alert message fail to the props message', ()=> {
    > 41 |         expect(wrapper.find('p').text()).toEqual('fail props message')
         |                                          ^
      42 |     })
      43 |
      44 |     test('Alert message equal to the props message', ()=> {

      at Object.<anonymous> (src/components/product/AlertModal.test.js:41:42)

 PASS  src/App.test.js
  ? Console

    console.log
      Rendered Successfully

      at Object.<anonymous> (src/App.test.js:15:13)

 PASS  src/components/user/Signup.test.js
  ? Console

    console.log
      New user Register your Details

      at Object.<anonymous> (src/components/user/Signup.test.js:22:17)

    console.log
      Edit User Edit Your Details

      at Object.<anonymous> (src/components/user/Signup.test.js:31:17)

 PASS  src/components/dashboard/dashboard.test.js
  ? Console

    console.log
      Render Using Snapshot

      at Object.<anonymous> (src/components/dashboard/dashboard.test.js:24:17)

    console.log
      Dashboard have a LeftPane

      at Object.<anonymous> (src/components/dashboard/dashboard.test.js:30:17)

    console.log
      Dashboard have a RightPane

      at Object.<anonymous> (src/components/dashboard/dashboard.test.js:35:17)

 PASS  src/components/product/ProductList.test.js
  ? Console

    console.log
      ShallowWrapper {}

      at Object.<anonymous> (src/components/product/ProductList.test.js:14:17)

----------|---------|----------|---------|---------|-------------------
File      | % Stmts | % Branch | % Funcs | % Lines | Uncovered Line #s
----------|---------|----------|---------|---------|-------------------
All files |       0 |        0 |       0 |       0 |
----------|---------|----------|---------|---------|-------------------

Test Suites: 2 failed, 4 passed, 6 total
Tests:       2 failed, 12 passed, 14 total
Snapshots:   2 passed, 2 total
Time:        10.65 s
Ran all test suites.

Watch Usage: Press w to show more.
 FAIL  src/components/product/AlertModal.test.js (5.924 s)
  ? Console

    console.log
      <Fragment>
        <div className="modal d-block" tabIndex="-1" role="dialog" data-test="modal">
          <div className="modal-dialog" role="document">
            <div className="modal-content">
              <div className="modal-body">
                <p>
                  test
                </p>
              </div>
              <div className="modal-footer">
                <button type="button" className="btn btn-secondary" data-dismiss="modal" onClick={[undefined]}>
                  Close
                </button>
              </div>
            </div>
          </div>
        </div>
      </Fragment>

      at setup (src/components/product/AlertModal.test.js:9:13)

    console.log
      <Fragment>
        <div className="modal d-block" tabIndex="-1" role="dialog" data-test="modal">
          <div className="modal-dialog" role="document">
            <div className="modal-content">
              <div className="modal-body">
                <p>
                  test
                </p>
              </div>
              <div className="modal-footer">
                <button type="button" className="btn btn-secondary" data-dismiss="modal" onClick={[undefined]}>
                  Close
                </button>
              </div>
            </div>
          </div>
        </div>
      </Fragment>

      at setup (src/components/product/AlertModal.test.js:9:13)

    console.log
      <Fragment>
        <div className="modal d-block" tabIndex="-1" role="dialog" data-test="modal">
          <div className="modal-dialog" role="document">
            <div className="modal-content">
              <div className="modal-body">
                <p>
                  test
                </p>
              </div>
              <div className="modal-footer">
                <button type="button" className="btn btn-secondary" data-dismiss="modal" onClick={[undefined]}>
                  Close
                </button>
              </div>
            </div>
          </div>
        </div>
      </Fragment>

      at setup (src/components/product/AlertModal.test.js:9:13)

    console.log
      <Fragment>
        <div className="modal d-block" tabIndex="-1" role="dialog" data-test="modal">
          <div className="modal-dialog" role="document">
            <div className="modal-content">
              <div className="modal-body">
                <p>
                  test
                </p>
              </div>
              <div className="modal-footer">
                <button type="button" className="btn btn-secondary" data-dismiss="modal" onClick={[undefined]}>
                  Close
                </button>
              </div>
            </div>
          </div>
        </div>
      </Fragment>

      at setup (src/components/product/AlertModal.test.js:9:13)

  ? Alert modal › Alert message fail to the props message

    expect(received).toEqual(expected) // deep equality

    Expected: "fail props message"
    Received: "test"

      33 |
      34 |     test('Alert message fail to the props message', ()=> {
    > 35 |         expect(wrapper.find('p').text()).toEqual('fail props message')
         |                                          ^
      36 |     })
      37 |
      38 |     test('Alert message equal to the props message', ()=> {

      at Object.<anonymous> (src/components/product/AlertModal.test.js:35:42)

 FAIL  src/components/product/ProductDetails.test.js (5.926 s)
  ? Console

    console.log
      <Connect(ProductDetails) />

      at Object.<anonymous> (src/components/product/ProductDetails.test.js:28:17)

  ? Dash board component testing › Render with out error using snapshot

    expect(received).toBe(expected) // Object.is equality

    Expected: 1
    Received: 0

      28 |         console.log(enzymeWrapper.debug())
      29 |         let com = findByTestAttr(enzymeWrapper, 'productdetails')
    > 30 |         expect(com.length).toBe(1)
         |                            ^
      31 |     })
      32 |
      33 | })

      at Object.<anonymous> (src/components/product/ProductDetails.test.js:30:28)

 PASS  src/components/dashboard/dashboard.test.js
  ? Console

    console.log
      Render Using Snapshot

      at Object.<anonymous> (src/components/dashboard/dashboard.test.js:24:17)

    console.log
      Dashboard have a LeftPane

      at Object.<anonymous> (src/components/dashboard/dashboard.test.js:30:17)

    console.log
      Dashboard have a RightPane

      at Object.<anonymous> (src/components/dashboard/dashboard.test.js:35:17)

 PASS  src/App.test.js
  ? Console

    console.log
      Rendered Successfully

      at Object.<anonymous> (src/App.test.js:15:13)

 PASS  src/components/user/Signup.test.js
  ? Console

    console.log
      New user Register your Details

      at Object.<anonymous> (src/components/user/Signup.test.js:22:17)

    console.log
      Edit User Edit Your Details

      at Object.<anonymous> (src/components/user/Signup.test.js:31:17)

 PASS  src/components/product/ProductList.test.js
  ? Console

    console.log
      ShallowWrapper {}

      at Object.<anonymous> (src/components/product/ProductList.test.js:14:17)

----------|---------|----------|---------|---------|-------------------
File      | % Stmts | % Branch | % Funcs | % Lines | Uncovered Line #s
----------|---------|----------|---------|---------|-------------------
All files |       0 |        0 |       0 |       0 |
----------|---------|----------|---------|---------|-------------------

Test Suites: 2 failed, 4 passed, 6 total
Tests:       2 failed, 12 passed, 14 total
Snapshots:   2 passed, 2 total
Time:        11.219 s
Ran all test suites.

Watch Usage: Press w to show more.
 FAIL  src/components/product/AlertModal.test.js
  ? Console

    console.log
      <Fragment>
        <div className="modal d-block" tabIndex="-1" role="dialog" data-test="modal">
          <div className="modal-dialog" role="document">
            <div className="modal-content">
              <div className="modal-body">
                <p>
                  test
                </p>
              </div>
              <div className="modal-footer">
                <button type="button" className="btn btn-secondary" data-dismiss="modal" onClick={[undefined]}>
                  Close
                </button>
              </div>
            </div>
          </div>
        </div>
      </Fragment>

      at setup (src/components/product/AlertModal.test.js:9:13)

    console.log
      <Fragment>
        <div className="modal d-block" tabIndex="-1" role="dialog" data-test="modal">
          <div className="modal-dialog" role="document">
            <div className="modal-content">
              <div className="modal-body">
                <p>
                  test
                </p>
              </div>
              <div className="modal-footer">
                <button type="button" className="btn btn-secondary" data-dismiss="modal" onClick={[undefined]}>
                  Close
                </button>
              </div>
            </div>
          </div>
        </div>
      </Fragment>

      at setup (src/components/product/AlertModal.test.js:9:13)

    console.log
      <Fragment>
        <div className="modal d-block" tabIndex="-1" role="dialog" data-test="modal">
          <div className="modal-dialog" role="document">
            <div className="modal-content">
              <div className="modal-body">
                <p>
                  test
                </p>
              </div>
              <div className="modal-footer">
                <button type="button" className="btn btn-secondary" data-dismiss="modal" onClick={[undefined]}>
                  Close
                </button>
              </div>
            </div>
          </div>
        </div>
      </Fragment>

      at setup (src/components/product/AlertModal.test.js:9:13)

    console.log
      <Fragment>
        <div className="modal d-block" tabIndex="-1" role="dialog" data-test="modal">
          <div className="modal-dialog" role="document">
            <div className="modal-content">
              <div className="modal-body">
                <p>
                  test
                </p>
              </div>
              <div className="modal-footer">
                <button type="button" className="btn btn-secondary" data-dismiss="modal" onClick={[undefined]}>
                  Close
                </button>
              </div>
            </div>
          </div>
        </div>
      </Fragment>

      at setup (src/components/product/AlertModal.test.js:9:13)

  ? Alert modal › Alert message fail to the props message

    expect(received).toEqual(expected) // deep equality

    Expected: "fail props message"
    Received: "test"

      33 |
      34 |     test('Alert message fail to the props message', ()=> {
    > 35 |         expect(wrapper.find('p').text()).toEqual('fail props message')
         |                                          ^
      36 |     })
      37 |
      38 |     test('Alert message equal to the props message', ()=> {

      at Object.<anonymous> (src/components/product/AlertModal.test.js:35:42)

 FAIL  src/components/product/ProductDetails.test.js
  ? Console

    console.log
      <Connect(ProductDetails) />

      at Object.<anonymous> (src/components/product/ProductDetails.test.js:28:17)

  ? Dash board component testing › Render with out error using snapshot

    expect(received).toBe(expected) // Object.is equality

    Expected: 1
    Received: 0

      28 |         console.log(enzymeWrapper.debug())
      29 |         let com = findByTestAttr(enzymeWrapper, 'productdetails')
    > 30 |         expect(com.length).toBe(1)
         |                            ^
      31 |     })
      32 |
      33 | })

      at Object.<anonymous> (src/components/product/ProductDetails.test.js:30:28)

 PASS  src/components/dashboard/dashboard.test.js
  ? Console

    console.log
      Render Using Snapshot

      at Object.<anonymous> (src/components/dashboard/dashboard.test.js:24:17)

    console.log
      Dashboard have a LeftPane

      at Object.<anonymous> (src/components/dashboard/dashboard.test.js:30:17)

    console.log
      Dashboard have a RightPane

      at Object.<anonymous> (src/components/dashboard/dashboard.test.js:35:17)

 PASS  src/App.test.js
  ? Console

    console.log
      Rendered Successfully

      at Object.<anonymous> (src/App.test.js:15:13)

 PASS  src/components/user/Signup.test.js
  ? Console

    console.log
      New user Register your Details

      at Object.<anonymous> (src/components/user/Signup.test.js:22:17)

    console.log
      Edit User Edit Your Details

      at Object.<anonymous> (src/components/user/Signup.test.js:31:17)

 PASS  src/components/product/ProductList.test.js
  ? Console

    console.log
      ShallowWrapper {}

      at Object.<anonymous> (src/components/product/ProductList.test.js:14:17)

----------|---------|----------|---------|---------|-------------------
File      | % Stmts | % Branch | % Funcs | % Lines | Uncovered Line #s
----------|---------|----------|---------|---------|-------------------
All files |       0 |        0 |       0 |       0 |
----------|---------|----------|---------|---------|-------------------

Test Suites: 2 failed, 4 passed, 6 total
Tests:       2 failed, 12 passed, 14 total
Snapshots:   2 passed, 2 total
Time:        13.003 s
Ran all test suites.

Watch Usage: Press w to show more.
